C51 COMPILER V9.60.0.0   MAIN                                                              05/02/2022 02:56:35 PAGE 1   


C51 COMPILER V9.60.0.0, COMPILATION OF MODULE MAIN
OBJECT MODULE PLACED IN main.OBJ
COMPILER INVOKED BY: D:\Learn\Keil C\C51\BIN\C51.EXE main.c OMF2 OPTIMIZE(8,SPEED) BROWSE DEBUG TABS(2)

line level    source

   1          #include<main.h>
   2          #include<..\lib\UartMode1.h"
   3          #include<..\lib\Delay.h"
   4          
   5          void main()
   6          {
   7   1        Uart_Init();
   8   1      
   9   1        while(1)
  10   1        {
  11   2          if(P1_0==0)
  12   2          {
  13   3            Delay_ms(20);
  14   3            Uart_Write(0x01);
  15   3            while(P1_0==0);
  16   3          }
  17   2      
  18   2          if(P1_1==0)
  19   2          {
  20   3            Delay_ms(20);
  21   3            Uart_Write(0x00);
  22   3            while(P1_1==0);
  23   3          }
  24   2        }
  25   1      }


MODULE INFORMATION:   STATIC OVERLAYABLE
   CODE SIZE        =     41    ----
   CONSTANT SIZE    =   ----    ----
   XDATA SIZE       =   ----    ----
   PDATA SIZE       =   ----    ----
   DATA SIZE        =   ----    ----
   IDATA SIZE       =   ----    ----
   BIT SIZE         =   ----    ----
   EDATA SIZE       =   ----    ----
   HDATA SIZE       =   ----    ----
   XDATA CONST SIZE =   ----    ----
   FAR CONST SIZE   =   ----    ----
END OF MODULE INFORMATION.


C51 COMPILATION COMPLETE.  0 WARNING(S),  0 ERROR(S)
